<?xml version="1.0" encoding="UTF-8"?>
<!-- Generated by org.testng.reporters.JUnitXMLReporter -->
<testsuite ignored="0" hostname="SEIODC741" failures="0" tests="3" name="OrangeHRM App Test Cases" time="44.7" errors="0" timestamp="2020-04-17T20:35:23 IST">
  <testcase classname="com.hrm.qa.testcases.LoginPageTest" name="ValidateHRMLogoTest" time="0.21"/>
  <testcase classname="com.hrm.qa.testcases.LoginPageTest" name="loginTest" time="2.387"/>
  <testcase classname="com.hrm.qa.testcases.LoginPageTest" name="validateLoginPageTitleTest" time="0.016"/>
</testsuite> <!-- OrangeHRM App Test Cases -->
