<?xml version="1.0" encoding="UTF-8"?>
<testng-results ignored="0" total="3" passed="3" failed="0" skipped="0">
  <reporter-output>
  </reporter-output>
  <suite started-at="2020-04-17T20:34:39 IST" name="OrangeHRM Application Test Automation Test Suite" finished-at="2020-04-17T20:35:23 IST" duration-ms="44700">
    <groups>
    </groups>
    <test started-at="2020-04-17T20:34:39 IST" name="OrangeHRM App Test Cases" finished-at="2020-04-17T20:35:23 IST" duration-ms="44700">
      <class name="com.hrm.qa.testcases.LoginPageTest">
        <test-method is-config="true" signature="setUp()[pri:0, instance:com.hrm.qa.testcases.LoginPageTest@15eb5ee5]" started-at="2020-04-17T20:34:39 IST" name="setUp" finished-at="2020-04-17T20:34:52 IST" duration-ms="13793" status="PASS">
          <reporter-output>
          </reporter-output>
        </test-method> <!-- setUp -->
        <test-method signature="ValidateHRMLogoTest()[pri:0, instance:com.hrm.qa.testcases.LoginPageTest@15eb5ee5]" started-at="2020-04-17T20:34:52 IST" name="ValidateHRMLogoTest" finished-at="2020-04-17T20:34:53 IST" duration-ms="210" status="PASS">
          <reporter-output>
          </reporter-output>
        </test-method> <!-- ValidateHRMLogoTest -->
        <test-method is-config="true" signature="tearDown()[pri:0, instance:com.hrm.qa.testcases.LoginPageTest@15eb5ee5]" started-at="2020-04-17T20:34:53 IST" name="tearDown" finished-at="2020-04-17T20:34:53 IST" duration-ms="778" status="PASS">
          <reporter-output>
          </reporter-output>
        </test-method> <!-- tearDown -->
        <test-method is-config="true" signature="setUp()[pri:0, instance:com.hrm.qa.testcases.LoginPageTest@15eb5ee5]" started-at="2020-04-17T20:34:54 IST" name="setUp" finished-at="2020-04-17T20:35:07 IST" duration-ms="12549" status="PASS">
          <reporter-output>
          </reporter-output>
        </test-method> <!-- setUp -->
        <test-method signature="loginTest(java.lang.String, java.lang.String)[pri:0, instance:com.hrm.qa.testcases.LoginPageTest@15eb5ee5]" started-at="2020-04-17T20:35:07 IST" name="loginTest" data-provider="getHRMLoginDetails" finished-at="2020-04-17T20:35:09 IST" duration-ms="2387" status="PASS">
          <params>
            <param index="0">
              <value>
                <![CDATA[Admin]]>
              </value>
            </param>
            <param index="1">
              <value>
                <![CDATA[admin123]]>
              </value>
            </param>
          </params>
          <reporter-output>
          </reporter-output>
        </test-method> <!-- loginTest -->
        <test-method is-config="true" signature="tearDown()[pri:0, instance:com.hrm.qa.testcases.LoginPageTest@15eb5ee5]" started-at="2020-04-17T20:35:09 IST" name="tearDown" finished-at="2020-04-17T20:35:10 IST" duration-ms="947" status="PASS">
          <reporter-output>
          </reporter-output>
        </test-method> <!-- tearDown -->
        <test-method is-config="true" signature="setUp()[pri:0, instance:com.hrm.qa.testcases.LoginPageTest@15eb5ee5]" started-at="2020-04-17T20:35:10 IST" name="setUp" finished-at="2020-04-17T20:35:22 IST" duration-ms="12226" status="PASS">
          <reporter-output>
          </reporter-output>
        </test-method> <!-- setUp -->
        <test-method signature="validateLoginPageTitleTest()[pri:0, instance:com.hrm.qa.testcases.LoginPageTest@15eb5ee5]" started-at="2020-04-17T20:35:22 IST" name="validateLoginPageTitleTest" finished-at="2020-04-17T20:35:23 IST" duration-ms="16" status="PASS">
          <reporter-output>
          </reporter-output>
        </test-method> <!-- validateLoginPageTitleTest -->
        <test-method is-config="true" signature="tearDown()[pri:0, instance:com.hrm.qa.testcases.LoginPageTest@15eb5ee5]" started-at="2020-04-17T20:35:23 IST" name="tearDown" finished-at="2020-04-17T20:35:23 IST" duration-ms="793" status="PASS">
          <reporter-output>
          </reporter-output>
        </test-method> <!-- tearDown -->
      </class> <!-- com.hrm.qa.testcases.LoginPageTest -->
    </test> <!-- OrangeHRM App Test Cases -->
  </suite> <!-- OrangeHRM Application Test Automation Test Suite -->
</testng-results>
